<?xml version="1.0" encoding="UTF-8"?>
<testsuite xmlns:xsi="http://www.w3.org/2001/XMLSchema-instance" xsi:noNamespaceSchemaLocation="https://maven.apache.org/surefire/maven-surefire-plugin/xsd/surefire-test-report-3.0.xsd" version="3.0" name="jenkins.plugins.logstash.LogstashConfigurationTest" time="35.877" tests="9" errors="0" skipped="0" failures="0">
  <properties>
[...]
</properties>
  <testcase name="redisIsProperlyConfigured" classname="jenkins.plugins.logstash.LogstashConfigurationTest" time="9.987">
    <system-out><![CDATA[=== Starting redisIsProperlyConfigured(jenkins.plugins.logstash.LogstashConfigurationTest)
]]></system-out>
    <system-err><![CDATA[   0.106 [id=28]	INFO	o.jvnet.hudson.test.WarExploder#explode: Picking up existing exploded jenkins.war at C:\Users\david\Desktop\david\logstash-plugin\target\jenkins-for-test
   0.407 [id=28]	INFO	o.jvnet.hudson.test.JenkinsRule#createWebServer: Running on http://localhost:16220/jenkins/
   0.752 [id=42]	INFO	jenkins.InitReactorRunner$1#onAttained: Started initialization
   3.141 [id=43]	INFO	hudson.PluginManager#considerDetachedPlugin: Loading a detached plugin as a dependency: C:\Users\david\AppData\Local\Temp\jenkins828882408101532536\plugins\command-launcher.jpi
   3.215 [id=43]	INFO	hudson.PluginManager#considerDetachedPlugin: Loading a detached plugin as a dependency: C:\Users\david\AppData\Local\Temp\jenkins828882408101532536\plugins\jdk-tool.jpi
   3.293 [id=43]	INFO	hudson.PluginManager#considerDetachedPlugin: Loading a detached plugin as a dependency: C:\Users\david\AppData\Local\Temp\jenkins828882408101532536\plugins\trilead-api.jpi
   3.441 [id=43]	INFO	hudson.PluginManager#considerDetachedPlugin: Loading a detached plugin as a dependency: C:\Users\david\AppData\Local\Temp\jenkins828882408101532536\plugins\mina-sshd-api-common.jpi
   3.546 [id=43]	INFO	hudson.PluginManager#considerDetachedPlugin: Loading a detached plugin as a dependency: C:\Users\david\AppData\Local\Temp\jenkins828882408101532536\plugins\javax-mail-api.jpi
   3.593 [id=43]	INFO	hudson.PluginManager#considerDetachedPlugin: Loading a detached plugin as a dependency: C:\Users\david\AppData\Local\Temp\jenkins828882408101532536\plugins\mina-sshd-api-core.jpi
   3.645 [id=43]	INFO	hudson.PluginManager#considerDetachedPlugin: Loading a detached plugin as a dependency: C:\Users\david\AppData\Local\Temp\jenkins828882408101532536\plugins\sshd.jpi
   4.932 [id=46]	INFO	jenkins.InitReactorRunner$1#onAttained: Listed all plugins
   4.938 [id=43]	INFO	j.b.api.BouncyCastlePlugin#start: C:\Users\david\Desktop\david\logstash-plugin\target\tmp\j h8884152501028675917\plugins\bouncycastle-api\WEB-INF\optional-lib not found; for non RealJenkinsRule this is fine and can be ignored.
   5.153 [id=41]	INFO	j.plugins.logstash.PluginImpl#start: Logstash: a logstash agent to send jenkins logs to a logstash indexer.
   6.391 [id=47]	INFO	jenkins.InitReactorRunner$1#onAttained: Prepared all plugins
   6.405 [id=42]	INFO	jenkins.InitReactorRunner$1#onAttained: Started all plugins
   6.407 [id=43]	INFO	jenkins.InitReactorRunner$1#onAttained: Augmented all extensions
   8.991 [id=43]	INFO	jenkins.InitReactorRunner$1#onAttained: System config loaded
   9.063 [id=43]	INFO	jenkins.InitReactorRunner$1#onAttained: System config adapted
   9.063 [id=47]	INFO	jenkins.InitReactorRunner$1#onAttained: Loaded all jobs
   9.064 [id=43]	INFO	jenkins.InitReactorRunner$1#onAttained: Configuration for all jobs updated
   9.233 [id=43]	INFO	jenkins.InitReactorRunner$1#onAttained: Completed initialization
   9.353 [id=28]	INFO	hudson.lifecycle.Lifecycle#onStatusUpdate: Stopping Jenkins
   9.398 [id=28]	INFO	hudson.lifecycle.Lifecycle#onStatusUpdate: Jenkins stopped
   9.446 [id=28]	INFO	o.j.h.t.TemporaryDirectoryAllocator#dispose: deleting C:\Users\david\Desktop\david\logstash-plugin\target\tmp\j h8884152501028675917
]]></system-err>
  </testcase>
  <testcase name="syslogIsProperlyConfigured" classname="jenkins.plugins.logstash.LogstashConfigurationTest" time="1.258">
    <system-out><![CDATA[=== Starting syslogIsProperlyConfigured(jenkins.plugins.logstash.LogstashConfigurationTest)
]]></system-out>
    <system-err><![CDATA[   0.018 [id=77]	INFO	o.jvnet.hudson.test.JenkinsRule#createWebServer: Running on http://localhost:16224/jenkins/
   0.098 [id=90]	INFO	jenkins.InitReactorRunner$1#onAttained: Started initialization
   0.099 [id=96]	INFO	jenkins.InitReactorRunner$1#onAttained: Listed all plugins
   0.101 [id=93]	INFO	j.b.api.BouncyCastlePlugin#start: C:\Users\david\Desktop\david\logstash-plugin\target\tmp\j h13702876679054592374\plugins\bouncycastle-api\WEB-INF\optional-lib not found; for non RealJenkinsRule this is fine and can be ignored.
   0.115 [id=90]	INFO	j.plugins.logstash.PluginImpl#start: Logstash: a logstash agent to send jenkins logs to a logstash indexer.
   0.247 [id=91]	INFO	jenkins.InitReactorRunner$1#onAttained: Prepared all plugins
   0.250 [id=95]	INFO	jenkins.InitReactorRunner$1#onAttained: Started all plugins
   0.251 [id=89]	INFO	jenkins.InitReactorRunner$1#onAttained: Augmented all extensions
   1.114 [id=93]	INFO	jenkins.InitReactorRunner$1#onAttained: System config loaded
   1.137 [id=93]	INFO	jenkins.InitReactorRunner$1#onAttained: System config adapted
   1.138 [id=93]	INFO	jenkins.InitReactorRunner$1#onAttained: Loaded all jobs
   1.139 [id=89]	INFO	jenkins.InitReactorRunner$1#onAttained: Configuration for all jobs updated
   1.164 [id=93]	INFO	jenkins.InitReactorRunner$1#onAttained: Completed initialization
   1.190 [id=77]	INFO	hudson.lifecycle.Lifecycle#onStatusUpdate: Stopping Jenkins
   1.202 [id=77]	INFO	hudson.lifecycle.Lifecycle#onStatusUpdate: Jenkins stopped
   1.241 [id=77]	INFO	o.j.h.t.TemporaryDirectoryAllocator#dispose: deleting C:\Users\david\Desktop\david\logstash-plugin\target\tmp\j h13702876679054592374
]]></system-err>
  </testcase>
  <testcase name="rabbitMqIsProperlyConfigured" classname="jenkins.plugins.logstash.LogstashConfigurationTest" time="0.824">
    <system-out><![CDATA[=== Starting rabbitMqIsProperlyConfigured(jenkins.plugins.logstash.LogstashConfigurationTest)
]]></system-out>
    <system-err><![CDATA[   0.014 [id=114]	INFO	o.jvnet.hudson.test.JenkinsRule#createWebServer: Running on http://localhost:16227/jenkins/
   0.094 [id=127]	INFO	jenkins.InitReactorRunner$1#onAttained: Started initialization
   0.096 [id=133]	INFO	jenkins.InitReactorRunner$1#onAttained: Listed all plugins
   0.097 [id=131]	INFO	j.b.api.BouncyCastlePlugin#start: C:\Users\david\Desktop\david\logstash-plugin\target\tmp\j h1631859633833023601\plugins\bouncycastle-api\WEB-INF\optional-lib not found; for non RealJenkinsRule this is fine and can be ignored.
   0.109 [id=132]	INFO	j.plugins.logstash.PluginImpl#start: Logstash: a logstash agent to send jenkins logs to a logstash indexer.
   0.237 [id=126]	INFO	jenkins.InitReactorRunner$1#onAttained: Prepared all plugins
   0.238 [id=132]	INFO	jenkins.InitReactorRunner$1#onAttained: Started all plugins
   0.240 [id=132]	INFO	jenkins.InitReactorRunner$1#onAttained: Augmented all extensions
   0.687 [id=132]	INFO	jenkins.InitReactorRunner$1#onAttained: System config loaded
   0.699 [id=130]	INFO	jenkins.InitReactorRunner$1#onAttained: System config adapted
   0.699 [id=132]	INFO	jenkins.InitReactorRunner$1#onAttained: Loaded all jobs
   0.701 [id=130]	INFO	jenkins.InitReactorRunner$1#onAttained: Configuration for all jobs updated
   0.729 [id=133]	INFO	jenkins.InitReactorRunner$1#onAttained: Completed initialization
   0.758 [id=114]	INFO	hudson.lifecycle.Lifecycle#onStatusUpdate: Stopping Jenkins
   0.770 [id=114]	INFO	hudson.lifecycle.Lifecycle#onStatusUpdate: Jenkins stopped
   0.807 [id=114]	INFO	o.j.h.t.TemporaryDirectoryAllocator#dispose: deleting C:\Users\david\Desktop\david\logstash-plugin\target\tmp\j h1631859633833023601
]]></system-err>
  </testcase>
  <testcase name="elasticSearchIsProperlyConfigured" classname="jenkins.plugins.logstash.LogstashConfigurationTest" time="1.961">
    <system-out><![CDATA[=== Starting elasticSearchIsProperlyConfigured(jenkins.plugins.logstash.LogstashConfigurationTest)
]]></system-out>
    <system-err><![CDATA[   0.015 [id=151]	INFO	o.jvnet.hudson.test.JenkinsRule#createWebServer: Running on http://localhost:16230/jenkins/
   0.093 [id=164]	INFO	jenkins.InitReactorRunner$1#onAttained: Started initialization
   0.093 [id=165]	INFO	jenkins.InitReactorRunner$1#onAttained: Listed all plugins
   0.095 [id=165]	INFO	j.b.api.BouncyCastlePlugin#start: C:\Users\david\Desktop\david\logstash-plugin\target\tmp\j h4328100127085318725\plugins\bouncycastle-api\WEB-INF\optional-lib not found; for non RealJenkinsRule this is fine and can be ignored.
   0.106 [id=163]	INFO	j.plugins.logstash.PluginImpl#start: Logstash: a logstash agent to send jenkins logs to a logstash indexer.
   0.229 [id=164]	INFO	jenkins.InitReactorRunner$1#onAttained: Prepared all plugins
   0.231 [id=164]	INFO	jenkins.InitReactorRunner$1#onAttained: Started all plugins
   0.232 [id=165]	INFO	jenkins.InitReactorRunner$1#onAttained: Augmented all extensions
   1.824 [id=168]	INFO	jenkins.InitReactorRunner$1#onAttained: System config loaded
   1.835 [id=168]	INFO	jenkins.InitReactorRunner$1#onAttained: System config adapted
   1.836 [id=170]	INFO	jenkins.InitReactorRunner$1#onAttained: Loaded all jobs
   1.837 [id=164]	INFO	jenkins.InitReactorRunner$1#onAttained: Configuration for all jobs updated
   1.866 [id=165]	INFO	jenkins.InitReactorRunner$1#onAttained: Completed initialization
   1.894 [id=151]	INFO	hudson.lifecycle.Lifecycle#onStatusUpdate: Stopping Jenkins
   1.905 [id=151]	INFO	hudson.lifecycle.Lifecycle#onStatusUpdate: Jenkins stopped
   1.943 [id=151]	INFO	o.j.h.t.TemporaryDirectoryAllocator#dispose: deleting C:\Users\david\Desktop\david\logstash-plugin\target\tmp\j h4328100127085318725
]]></system-err>
  </testcase>
  <testcase name="jenkinsInitialConfigurationCanBeSaved" classname="jenkins.plugins.logstash.LogstashConfigurationTest" time="16.827">
    <system-out><![CDATA[=== Starting jenkinsInitialConfigurationCanBeSaved(jenkins.plugins.logstash.LogstashConfigurationTest)
]]></system-out>
    <system-err><![CDATA[   0.013 [id=188]	INFO	o.jvnet.hudson.test.JenkinsRule#createWebServer: Running on http://localhost:16233/jenkins/
   0.093 [id=201]	INFO	jenkins.InitReactorRunner$1#onAttained: Started initialization
   0.094 [id=200]	INFO	jenkins.InitReactorRunner$1#onAttained: Listed all plugins
   0.095 [id=205]	INFO	j.b.api.BouncyCastlePlugin#start: C:\Users\david\Desktop\david\logstash-plugin\target\tmp\j h17275337850903497631\plugins\bouncycastle-api\WEB-INF\optional-lib not found; for non RealJenkinsRule this is fine and can be ignored.
   0.106 [id=200]	INFO	j.plugins.logstash.PluginImpl#start: Logstash: a logstash agent to send jenkins logs to a logstash indexer.
   0.231 [id=206]	INFO	jenkins.InitReactorRunner$1#onAttained: Prepared all plugins
   0.232 [id=207]	INFO	jenkins.InitReactorRunner$1#onAttained: Started all plugins
   0.233 [id=207]	INFO	jenkins.InitReactorRunner$1#onAttained: Augmented all extensions
   1.373 [id=203]	INFO	jenkins.InitReactorRunner$1#onAttained: System config loaded
   1.384 [id=202]	INFO	jenkins.InitReactorRunner$1#onAttained: System config adapted
   1.384 [id=206]	INFO	jenkins.InitReactorRunner$1#onAttained: Loaded all jobs
   1.385 [id=202]	INFO	jenkins.InitReactorRunner$1#onAttained: Configuration for all jobs updated
   1.420 [id=206]	INFO	jenkins.InitReactorRunner$1#onAttained: Completed initialization
   5.327 [id=194]	WARNING	c.m.c.h.p.m.MaskPasswordsConfig#load: Unable to load Mask Passwords plugin configuration from com.michelin.cio.hudson.plugins.maskpasswords.MaskPasswordsConfig.xml
java.nio.file.NoSuchFileException: C:\Users\david\Desktop\david\logstash-plugin\target\tmp\j h17275337850903497631\com.michelin.cio.hudson.plugins.maskpasswords.MaskPasswordsConfig.xml
	at java.base/sun.nio.fs.WindowsException.translateToIOException(WindowsException.java:85)
	at java.base/sun.nio.fs.WindowsException.rethrowAsIOException(WindowsException.java:103)
	at java.base/sun.nio.fs.WindowsException.rethrowAsIOException(WindowsException.java:108)
	at java.base/sun.nio.fs.WindowsFileSystemProvider.newByteChannel(WindowsFileSystemProvider.java:234)
	at java.base/java.nio.file.Files.newByteChannel(Files.java:379)
	at java.base/java.nio.file.Files.newByteChannel(Files.java:431)
	at java.base/java.nio.file.spi.FileSystemProvider.newInputStream(FileSystemProvider.java:420)
	at java.base/java.nio.file.Files.newInputStream(Files.java:159)
	at hudson.XmlFile.read(XmlFile.java:164)
	at com.michelin.cio.hudson.plugins.maskpasswords.MaskPasswordsConfig.load(MaskPasswordsConfig.java:480)
	at com.michelin.cio.hudson.plugins.maskpasswords.MaskPasswordsConfig.getInstance(MaskPasswordsConfig.java:221)
	at com.michelin.cio.hudson.plugins.maskpasswords.MaskPasswordsBuildWrapper$DescriptorImpl.getConfig(MaskPasswordsBuildWrapper.java:420)
	at java.base/jdk.internal.reflect.DirectMethodHandleAccessor.invoke(DirectMethodHandleAccessor.java:103)
	at java.base/java.lang.reflect.Method.invoke(Method.java:580)
	at org.apache.commons.jexl.util.PropertyExecutor.execute(PropertyExecutor.java:125)
	at org.apache.commons.jexl.util.introspection.UberspectImpl$VelGetterImpl.invoke(UberspectImpl.java:314)
	at org.apache.commons.jexl.parser.ASTArrayAccess.evaluateExpr(ASTArrayAccess.java:185)
	at org.apache.commons.jexl.parser.ASTIdentifier.execute(ASTIdentifier.java:75)
	at org.apache.commons.jexl.parser.ASTReference.execute(ASTReference.java:83)
	at org.apache.commons.jexl.parser.ASTReference.value(ASTReference.java:57)
	at org.apache.commons.jexl.parser.ASTReferenceExpression.value(ASTReferenceExpression.java:51)
	at org.apache.commons.jexl.ExpressionImpl.evaluate(ExpressionImpl.java:80)
	at hudson.ExpressionFactory2$JexlExpression.evaluate(ExpressionFactory2.java:76)
	at org.kohsuke.stapler.jelly.CallTagLibScript.run(CallTagLibScript.java:58)
	at org.kohsuke.stapler.jelly.CallTagLibScript$1.run(CallTagLibScript.java:101)
	at org.apache.commons.jelly.tags.define.InvokeBodyTag.doTag(InvokeBodyTag.java:91)
	at org.apache.commons.jelly.impl.TagScript.run(TagScript.java:265)
	at org.kohsuke.stapler.jelly.ReallyStaticTagLibrary$1.run(ReallyStaticTagLibrary.java:101)
	at org.apache.commons.jelly.impl.ScriptBlock.run(ScriptBlock.java:95)
	at org.apache.commons.jelly.TagSupport.invokeBody(TagSupport.java:161)
	at org.apache.commons.jelly.tags.core.WhenTag.doTag(WhenTag.java:46)
	at org.apache.commons.jelly.impl.TagScript.run(TagScript.java:265)
	at org.apache.commons.jelly.impl.ScriptBlock.run(ScriptBlock.java:95)
	at org.apache.commons.jelly.TagSupport.invokeBody(TagSupport.java:161)
	at org.apache.commons.jelly.tags.core.ChooseTag.doTag(ChooseTag.java:38)
	at org.apache.commons.jelly.impl.TagScript.run(TagScript.java:265)
	at org.kohsuke.stapler.jelly.ReallyStaticTagLibrary$1.run(ReallyStaticTagLibrary.java:101)
	at org.apache.commons.jelly.impl.ScriptBlock.run(ScriptBlock.java:95)
	at org.apache.commons.jelly.tags.core.CoreTagLibrary$2.run(CoreTagLibrary.java:105)
	at org.kohsuke.stapler.jelly.CallTagLibScript.run(CallTagLibScript.java:122)
	at org.kohsuke.stapler.jelly.CallTagLibScript$1.run(CallTagLibScript.java:101)
	at org.apache.commons.jelly.tags.define.InvokeBodyTag.doTag(InvokeBodyTag.java:91)
	at org.apache.commons.jelly.impl.TagScript.run(TagScript.java:265)
	at org.apache.commons.jelly.impl.ScriptBlock.run(ScriptBlock.java:95)
	at org.kohsuke.stapler.jelly.ReallyStaticTagLibrary$1.run(ReallyStaticTagLibrary.java:101)
	at org.kohsuke.stapler.jelly.CallTagLibScript$1.run(CallTagLibScript.java:101)
	at org.apache.commons.jelly.tags.define.InvokeBodyTag.doTag(InvokeBodyTag.java:91)
	at org.apache.commons.jelly.impl.TagScript.run(TagScript.java:265)
	at org.apache.commons.jelly.impl.TagScript.getBodyText(TagScript.java:761)
	at org.apache.commons.jelly.tags.core.CoreTagLibrary$3.run(CoreTagLibrary.java:141)
	at org.apache.commons.jelly.impl.ScriptBlock.run(ScriptBlock.java:95)
	at org.apache.commons.jelly.tags.core.CoreTagLibrary$2.run(CoreTagLibrary.java:105)
	at org.kohsuke.stapler.jelly.CallTagLibScript.run(CallTagLibScript.java:122)
	at org.apache.commons.jelly.impl.ScriptBlock.run(ScriptBlock.java:95)
	at org.apache.commons.jelly.tags.core.CoreTagLibrary$2.run(CoreTagLibrary.java:105)
	at org.kohsuke.stapler.jelly.CallTagLibScript.run(CallTagLibScript.java:122)
	at org.apache.commons.jelly.impl.ScriptBlock.run(ScriptBlock.java:95)
	at org.apache.commons.jelly.tags.core.CoreTagLibrary$2.run(CoreTagLibrary.java:105)
	at org.kohsuke.stapler.jelly.JellyViewScript.run(JellyViewScript.java:99)
	at org.kohsuke.stapler.jelly.IncludeTag.doTag(IncludeTag.java:172)
	at org.apache.commons.jelly.impl.TagScript.run(TagScript.java:265)
	at org.kohsuke.stapler.jelly.CallTagLibScript$1.run(CallTagLibScript.java:101)
	at org.apache.commons.jelly.tags.define.InvokeBodyTag.doTag(InvokeBodyTag.java:91)
	at org.apache.commons.jelly.impl.TagScript.run(TagScript.java:265)
	at org.apache.commons.jelly.impl.TagScript.getBodyText(TagScript.java:761)
	at org.apache.commons.jelly.tags.core.CoreTagLibrary$3.run(CoreTagLibrary.java:141)
	at org.apache.commons.jelly.impl.ScriptBlock.run(ScriptBlock.java:95)
	at org.apache.commons.jelly.tags.core.CoreTagLibrary$2.run(CoreTagLibrary.java:105)
	at org.kohsuke.stapler.jelly.CallTagLibScript.run(CallTagLibScript.java:122)
	at org.apache.commons.jelly.impl.ScriptBlock.run(ScriptBlock.java:95)
	at org.apache.commons.jelly.TagSupport.invokeBody(TagSupport.java:161)
	at org.apache.commons.jelly.tags.core.ForEachTag.doTag(ForEachTag.java:150)
	at org.apache.commons.jelly.impl.TagScript.run(TagScript.java:265)
	at org.apache.commons.jelly.impl.ScriptBlock.run(ScriptBlock.java:95)
	at org.kohsuke.stapler.jelly.CallTagLibScript$1.run(CallTagLibScript.java:101)
	at org.apache.commons.jelly.tags.define.InvokeBodyTag.doTag(InvokeBodyTag.java:91)
	at org.apache.commons.jelly.impl.TagScript.run(TagScript.java:265)
	at org.kohsuke.stapler.jelly.ReallyStaticTagLibrary$1.run(ReallyStaticTagLibrary.java:101)
	at org.kohsuke.stapler.jelly.ReallyStaticTagLibrary$1.run(ReallyStaticTagLibrary.java:101)
	at org.apache.commons.jelly.impl.ScriptBlock.run(ScriptBlock.java:95)
	at org.apache.commons.jelly.tags.core.CoreTagLibrary$2.run(CoreTagLibrary.java:105)
	at org.kohsuke.stapler.jelly.CallTagLibScript.run(CallTagLibScript.java:122)
	at org.apache.commons.jelly.impl.ScriptBlock.run(ScriptBlock.java:95)
	at org.kohsuke.stapler.jelly.CallTagLibScript$1.run(CallTagLibScript.java:101)
	at org.apache.commons.jelly.tags.define.InvokeBodyTag.doTag(InvokeBodyTag.java:91)
	at org.apache.commons.jelly.impl.TagScript.run(TagScript.java:265)
	at org.apache.commons.jelly.impl.ScriptBlock.run(ScriptBlock.java:95)
	at org.apache.commons.jelly.tags.core.CoreTagLibrary$1.run(CoreTagLibrary.java:98)
	at org.apache.commons.jelly.impl.ScriptBlock.run(ScriptBlock.java:95)
	at org.apache.commons.jelly.tags.core.CoreTagLibrary$2.run(CoreTagLibrary.java:105)
	at org.kohsuke.stapler.jelly.CallTagLibScript.run(CallTagLibScript.java:122)
	at org.apache.commons.jelly.impl.ScriptBlock.run(ScriptBlock.java:95)
	at org.kohsuke.stapler.jelly.CallTagLibScript$1.run(CallTagLibScript.java:101)
	at org.apache.commons.jelly.tags.define.InvokeBodyTag.doTag(InvokeBodyTag.java:91)
	at org.apache.commons.jelly.impl.TagScript.run(TagScript.java:265)
	at org.apache.commons.jelly.impl.ScriptBlock.run(ScriptBlock.java:95)
	at org.kohsuke.stapler.jelly.ReallyStaticTagLibrary$1.run(ReallyStaticTagLibrary.java:101)
	at org.apache.commons.jelly.impl.ScriptBlock.run(ScriptBlock.java:95)
	at org.kohsuke.stapler.jelly.ReallyStaticTagLibrary$1.run(ReallyStaticTagLibrary.java:101)
	at org.apache.commons.jelly.impl.ScriptBlock.run(ScriptBlock.java:95)
	at org.kohsuke.stapler.jelly.ReallyStaticTagLibrary$1.run(ReallyStaticTagLibrary.java:101)
	at org.apache.commons.jelly.impl.ScriptBlock.run(ScriptBlock.java:95)
	at org.kohsuke.stapler.jelly.ReallyStaticTagLibrary$1.run(ReallyStaticTagLibrary.java:101)
	at org.apache.commons.jelly.impl.ScriptBlock.run(ScriptBlock.java:95)
	at org.kohsuke.stapler.jelly.CallTagLibScript$1.run(CallTagLibScript.java:101)
	at org.apache.commons.jelly.tags.define.InvokeBodyTag.doTag(InvokeBodyTag.java:91)
	at org.apache.commons.jelly.impl.TagScript.run(TagScript.java:265)
	at org.apache.commons.jelly.impl.ScriptBlock.run(ScriptBlock.java:95)
	at org.apache.commons.jelly.tags.core.CoreTagLibrary$2.run(CoreTagLibrary.java:105)
	at org.kohsuke.stapler.jelly.CallTagLibScript.run(CallTagLibScript.java:122)
	at org.apache.commons.jelly.impl.ScriptBlock.run(ScriptBlock.java:95)
	at org.apache.commons.jelly.tags.core.CoreTagLibrary$2.run(CoreTagLibrary.java:105)
	at org.kohsuke.stapler.jelly.CallTagLibScript.run(CallTagLibScript.java:122)
	at org.apache.commons.jelly.tags.core.CoreTagLibrary$2.run(CoreTagLibrary.java:105)
	at org.kohsuke.stapler.jelly.JellyViewScript.run(JellyViewScript.java:99)
	at org.kohsuke.stapler.jelly.DefaultScriptInvoker.invokeScript(DefaultScriptInvoker.java:66)
	at org.kohsuke.stapler.jelly.DefaultScriptInvoker.invokeScript(DefaultScriptInvoker.java:55)
	at org.kohsuke.stapler.jelly.ScriptInvoker.execute(ScriptInvoker.java:56)
	at org.kohsuke.stapler.jelly.ScriptInvoker.execute(ScriptInvoker.java:43)
	at org.kohsuke.stapler.Facet$1.dispatch(Facet.java:240)
	at org.kohsuke.stapler.Stapler.tryInvoke(Stapler.java:770)
	at org.kohsuke.stapler.Stapler.invoke(Stapler.java:900)
	at org.kohsuke.stapler.Stapler.invoke(Stapler.java:698)
	at org.kohsuke.stapler.Stapler.service(Stapler.java:248)
	at javax.servlet.http.HttpServlet.service(HttpServlet.java:584)
	at org.eclipse.jetty.servlet.ServletHolder.handle(ServletHolder.java:764)
	at org.eclipse.jetty.servlet.ServletHandler$ChainEnd.doFilter(ServletHandler.java:1665)
	at hudson.util.PluginServletFilter$1.doFilter(PluginServletFilter.java:157)
	at jenkins.telemetry.impl.UserLanguages$AcceptLanguageFilter.doFilter(UserLanguages.java:129)
	at hudson.util.PluginServletFilter$1.doFilter(PluginServletFilter.java:154)
	at jenkins.security.ResourceDomainFilter.doFilter(ResourceDomainFilter.java:81)
	at hudson.util.PluginServletFilter$1.doFilter(PluginServletFilter.java:154)
	at hudson.util.PluginServletFilter.doFilter(PluginServletFilter.java:160)
	at org.eclipse.jetty.servlet.FilterHolder.doFilter(FilterHolder.java:202)
	at org.eclipse.jetty.servlet.ServletHandler$Chain.doFilter(ServletHandler.java:1635)
	at hudson.security.csrf.CrumbFilter.doFilter(CrumbFilter.java:160)
	at org.eclipse.jetty.servlet.FilterHolder.doFilter(FilterHolder.java:202)
	at org.eclipse.jetty.servlet.ServletHandler$Chain.doFilter(ServletHandler.java:1635)
	at hudson.security.ChainedServletFilter$1.doFilter(ChainedServletFilter.java:94)
	at hudson.security.ChainedServletFilter.doFilter(ChainedServletFilter.java:111)
	at hudson.security.HudsonFilter.doFilter(HudsonFilter.java:172)
	at org.eclipse.jetty.servlet.FilterHolder.doFilter(FilterHolder.java:202)
	at org.eclipse.jetty.servlet.ServletHandler$Chain.doFilter(ServletHandler.java:1635)
	at org.kohsuke.stapler.compression.CompressionFilter.doFilter(CompressionFilter.java:53)
	at org.eclipse.jetty.servlet.FilterHolder.doFilter(FilterHolder.java:202)
	at org.eclipse.jetty.servlet.ServletHandler$Chain.doFilter(ServletHandler.java:1635)
	at hudson.util.CharacterEncodingFilter.doFilter(CharacterEncodingFilter.java:86)
	at org.eclipse.jetty.servlet.FilterHolder.doFilter(FilterHolder.java:202)
	at org.eclipse.jetty.servlet.ServletHandler$Chain.doFilter(ServletHandler.java:1635)
	at org.kohsuke.stapler.DiagnosticThreadNameFilter.doFilter(DiagnosticThreadNameFilter.java:30)
	at org.eclipse.jetty.servlet.FilterHolder.doFilter(FilterHolder.java:202)
	at org.eclipse.jetty.servlet.ServletHandler$Chain.doFilter(ServletHandler.java:1635)
	at jenkins.security.SuspiciousRequestFilter.doFilter(SuspiciousRequestFilter.java:38)
	at org.eclipse.jetty.servlet.FilterHolder.doFilter(FilterHolder.java:202)
	at org.eclipse.jetty.servlet.ServletHandler$Chain.doFilter(ServletHandler.java:1635)
	at org.eclipse.jetty.servlet.ServletHandler.doHandle(ServletHandler.java:527)
	at org.eclipse.jetty.server.handler.ScopedHandler.handle(ScopedHandler.java:131)
	at org.eclipse.jetty.security.SecurityHandler.handle(SecurityHandler.java:549)
	at org.eclipse.jetty.server.handler.HandlerWrapper.handle(HandlerWrapper.java:122)
	at org.eclipse.jetty.server.handler.ScopedHandler.nextHandle(ScopedHandler.java:223)
	at org.eclipse.jetty.server.session.SessionHandler.doHandle(SessionHandler.java:1570)
	at org.eclipse.jetty.server.handler.ScopedHandler.nextHandle(ScopedHandler.java:221)
	at org.eclipse.jetty.server.handler.ContextHandler.doHandle(ContextHandler.java:1384)
	at org.eclipse.jetty.server.handler.ScopedHandler.nextScope(ScopedHandler.java:176)
	at org.eclipse.jetty.servlet.ServletHandler.doScope(ServletHandler.java:484)
	at org.eclipse.jetty.server.session.SessionHandler.doScope(SessionHandler.java:1543)
	at org.eclipse.jetty.server.handler.ScopedHandler.nextScope(ScopedHandler.java:174)
	at org.eclipse.jetty.server.handler.ContextHandler.doScope(ContextHandler.java:1306)
	at org.eclipse.jetty.server.handler.ScopedHandler.handle(ScopedHandler.java:129)
	at org.eclipse.jetty.server.handler.HandlerWrapper.handle(HandlerWrapper.java:122)
	at org.eclipse.jetty.server.Server.handle(Server.java:563)
	at org.eclipse.jetty.server.HttpChannel.lambda$handle$0(HttpChannel.java:505)
	at org.eclipse.jetty.server.HttpChannel.dispatch(HttpChannel.java:762)
	at org.eclipse.jetty.server.HttpChannel.handle(HttpChannel.java:497)
	at org.eclipse.jetty.server.HttpConnection.onFillable(HttpConnection.java:282)
	at org.eclipse.jetty.io.AbstractConnection$ReadCallback.succeeded(AbstractConnection.java:314)
	at org.eclipse.jetty.io.FillInterest.fillable(FillInterest.java:100)
	at org.eclipse.jetty.io.SelectableChannelEndPoint$1.run(SelectableChannelEndPoint.java:53)
	at org.eclipse.jetty.util.thread.QueuedThreadPool.runJob(QueuedThreadPool.java:969)
	at org.eclipse.jetty.util.thread.QueuedThreadPool$Runner.doRunJob(QueuedThreadPool.java:1194)
	at org.eclipse.jetty.util.thread.QueuedThreadPool$Runner.run(QueuedThreadPool.java:1149)
	at java.base/java.lang.Thread.run(Thread.java:1583)
   9.588 [id=188]	WARNING	o.h.DefaultCssErrorHandler#error: CSS error: 'http://localhost:16233/jenkins/static/075dee93/jsbundles/styles.css' [1:134087] Error in pseudo class or element. (Invalid token ".". Was expecting one of: <S>, <NUMBER>, <IDENT>, <STRING>, "-", "+", <DIMENSION>.)
   9.589 [id=188]	WARNING	o.h.DefaultCssErrorHandler#warning: CSS warning: 'http://localhost:16233/jenkins/static/075dee93/jsbundles/styles.css' [1:134087] Ignoring the whole rule.
  15.896 [id=188]	WARNING	o.h.DefaultCssErrorHandler#error: CSS error: 'http://localhost:16233/jenkins/static/075dee93/jsbundles/styles.css' [1:134087] Error in pseudo class or element. (Invalid token ".". Was expecting one of: <S>, <NUMBER>, <IDENT>, <STRING>, "-", "+", <DIMENSION>.)
  15.897 [id=188]	WARNING	o.h.DefaultCssErrorHandler#warning: CSS warning: 'http://localhost:16233/jenkins/static/075dee93/jsbundles/styles.css' [1:134087] Ignoring the whole rule.
  16.651 [id=188]	INFO	hudson.lifecycle.Lifecycle#onStatusUpdate: Stopping Jenkins
  16.670 [id=188]	INFO	hudson.lifecycle.Lifecycle#onStatusUpdate: Jenkins stopped
  16.800 [id=188]	INFO	o.j.h.t.TemporaryDirectoryAllocator#dispose: deleting C:\Users\david\Desktop\david\logstash-plugin\target\tmp\j h17275337850903497631
]]></system-err>
  </testcase>
  <testcase name="disabled" classname="jenkins.plugins.logstash.LogstashConfigurationTest" time="1.137">
    <system-out><![CDATA[=== Starting disabled(jenkins.plugins.logstash.LogstashConfigurationTest)
]]></system-out>
    <system-err><![CDATA[   0.046 [id=242]	INFO	o.jvnet.hudson.test.JenkinsRule#createWebServer: Running on http://localhost:16237/jenkins/
   0.126 [id=255]	INFO	jenkins.InitReactorRunner$1#onAttained: Started initialization
   0.127 [id=256]	INFO	jenkins.InitReactorRunner$1#onAttained: Listed all plugins
   0.129 [id=255]	INFO	j.b.api.BouncyCastlePlugin#start: C:\Users\david\Desktop\david\logstash-plugin\target\tmp\j h15885670504418681763\plugins\bouncycastle-api\WEB-INF\optional-lib not found; for non RealJenkinsRule this is fine and can be ignored.
   0.149 [id=261]	INFO	j.plugins.logstash.PluginImpl#start: Logstash: a logstash agent to send jenkins logs to a logstash indexer.
   0.347 [id=254]	INFO	jenkins.InitReactorRunner$1#onAttained: Prepared all plugins
   0.350 [id=261]	INFO	jenkins.InitReactorRunner$1#onAttained: Started all plugins
   0.351 [id=259]	INFO	jenkins.InitReactorRunner$1#onAttained: Augmented all extensions
   0.933 [id=260]	INFO	jenkins.InitReactorRunner$1#onAttained: System config loaded
   0.947 [id=260]	INFO	jenkins.InitReactorRunner$1#onAttained: System config adapted
   0.948 [id=254]	INFO	jenkins.InitReactorRunner$1#onAttained: Loaded all jobs
   0.949 [id=258]	INFO	jenkins.InitReactorRunner$1#onAttained: Configuration for all jobs updated
   0.979 [id=255]	INFO	jenkins.InitReactorRunner$1#onAttained: Completed initialization
   1.003 [id=242]	INFO	hudson.lifecycle.Lifecycle#onStatusUpdate: Stopping Jenkins
   1.015 [id=242]	INFO	hudson.lifecycle.Lifecycle#onStatusUpdate: Jenkins stopped
   1.113 [id=242]	INFO	o.j.h.t.TemporaryDirectoryAllocator#dispose: deleting C:\Users\david\Desktop\david\logstash-plugin\target\tmp\j h15885670504418681763
]]></system-err>
  </testcase>
  <testcase name="unconfiguredWillReturnNull" classname="jenkins.plugins.logstash.LogstashConfigurationTest" time="1.655">
    <system-out><![CDATA[=== Starting unconfiguredWillReturnNull(jenkins.plugins.logstash.LogstashConfigurationTest)
]]></system-out>
    <system-err><![CDATA[   0.015 [id=279]	INFO	o.jvnet.hudson.test.JenkinsRule#createWebServer: Running on http://localhost:16240/jenkins/
   0.095 [id=292]	INFO	jenkins.InitReactorRunner$1#onAttained: Started initialization
   0.096 [id=296]	INFO	jenkins.InitReactorRunner$1#onAttained: Listed all plugins
   0.098 [id=297]	INFO	j.b.api.BouncyCastlePlugin#start: C:\Users\david\Desktop\david\logstash-plugin\target\tmp\j h3623932761858494588\plugins\bouncycastle-api\WEB-INF\optional-lib not found; for non RealJenkinsRule this is fine and can be ignored.
   0.110 [id=295]	INFO	j.plugins.logstash.PluginImpl#start: Logstash: a logstash agent to send jenkins logs to a logstash indexer.
   0.239 [id=295]	INFO	jenkins.InitReactorRunner$1#onAttained: Prepared all plugins
   0.241 [id=294]	INFO	jenkins.InitReactorRunner$1#onAttained: Started all plugins
   0.243 [id=291]	INFO	jenkins.InitReactorRunner$1#onAttained: Augmented all extensions
   1.457 [id=291]	INFO	jenkins.InitReactorRunner$1#onAttained: System config loaded
   1.466 [id=291]	INFO	jenkins.InitReactorRunner$1#onAttained: System config adapted
   1.467 [id=291]	INFO	jenkins.InitReactorRunner$1#onAttained: Loaded all jobs
   1.467 [id=291]	INFO	jenkins.InitReactorRunner$1#onAttained: Configuration for all jobs updated
   1.500 [id=292]	INFO	jenkins.InitReactorRunner$1#onAttained: Completed initialization
   1.524 [id=279]	INFO	hudson.lifecycle.Lifecycle#onStatusUpdate: Stopping Jenkins
   1.535 [id=279]	INFO	hudson.lifecycle.Lifecycle#onStatusUpdate: Jenkins stopped
   1.637 [id=279]	INFO	o.j.h.t.TemporaryDirectoryAllocator#dispose: deleting C:\Users\david\Desktop\david\logstash-plugin\target\tmp\j h3623932761858494588
]]></system-err>
  </testcase>
  <testcase name="programmaticConfigurationChangesActiveIndexer" classname="jenkins.plugins.logstash.LogstashConfigurationTest" time="1.212">
    <system-out><![CDATA[=== Starting programmaticConfigurationChangesActiveIndexer(jenkins.plugins.logstash.LogstashConfigurationTest)
]]></system-out>
    <system-err><![CDATA[   0.015 [id=316]	INFO	o.jvnet.hudson.test.JenkinsRule#createWebServer: Running on http://localhost:16243/jenkins/
   0.096 [id=329]	INFO	jenkins.InitReactorRunner$1#onAttained: Started initialization
   0.097 [id=329]	INFO	jenkins.InitReactorRunner$1#onAttained: Listed all plugins
   0.099 [id=332]	INFO	j.b.api.BouncyCastlePlugin#start: C:\Users\david\Desktop\david\logstash-plugin\target\tmp\j h12558429047972056025\plugins\bouncycastle-api\WEB-INF\optional-lib not found; for non RealJenkinsRule this is fine and can be ignored.
   0.111 [id=334]	INFO	j.plugins.logstash.PluginImpl#start: Logstash: a logstash agent to send jenkins logs to a logstash indexer.
   0.244 [id=334]	INFO	jenkins.InitReactorRunner$1#onAttained: Prepared all plugins
   0.246 [id=330]	INFO	jenkins.InitReactorRunner$1#onAttained: Started all plugins
   0.247 [id=333]	INFO	jenkins.InitReactorRunner$1#onAttained: Augmented all extensions
   0.988 [id=330]	INFO	jenkins.InitReactorRunner$1#onAttained: System config loaded
   1.006 [id=330]	INFO	jenkins.InitReactorRunner$1#onAttained: System config adapted
   1.006 [id=329]	INFO	jenkins.InitReactorRunner$1#onAttained: Loaded all jobs
   1.007 [id=331]	INFO	jenkins.InitReactorRunner$1#onAttained: Configuration for all jobs updated
   1.047 [id=333]	INFO	jenkins.InitReactorRunner$1#onAttained: Completed initialization
   1.080 [id=316]	INFO	hudson.lifecycle.Lifecycle#onStatusUpdate: Stopping Jenkins
   1.094 [id=316]	INFO	hudson.lifecycle.Lifecycle#onStatusUpdate: Jenkins stopped
   1.193 [id=316]	INFO	o.j.h.t.TemporaryDirectoryAllocator#dispose: deleting C:\Users\david\Desktop\david\logstash-plugin\target\tmp\j h12558429047972056025
]]></system-err>
  </testcase>
  <testcase name="milliSecondsConfigured" classname="jenkins.plugins.logstash.LogstashConfigurationTest" time="1.001">
    <system-out><![CDATA[=== Starting milliSecondsConfigured(jenkins.plugins.logstash.LogstashConfigurationTest)
]]></system-out>
    <system-err><![CDATA[   0.020 [id=353]	INFO	o.jvnet.hudson.test.JenkinsRule#createWebServer: Running on http://localhost:16246/jenkins/
   0.124 [id=366]	INFO	jenkins.InitReactorRunner$1#onAttained: Started initialization
   0.124 [id=367]	INFO	jenkins.InitReactorRunner$1#onAttained: Listed all plugins
   0.125 [id=365]	INFO	j.b.api.BouncyCastlePlugin#start: C:\Users\david\Desktop\david\logstash-plugin\target\tmp\j h15708266605390232627\plugins\bouncycastle-api\WEB-INF\optional-lib not found; for non RealJenkinsRule this is fine and can be ignored.
   0.136 [id=365]	INFO	j.plugins.logstash.PluginImpl#start: Logstash: a logstash agent to send jenkins logs to a logstash indexer.
   0.261 [id=365]	INFO	jenkins.InitReactorRunner$1#onAttained: Prepared all plugins
   0.262 [id=372]	INFO	jenkins.InitReactorRunner$1#onAttained: Started all plugins
   0.264 [id=369]	INFO	jenkins.InitReactorRunner$1#onAttained: Augmented all extensions
   0.748 [id=368]	INFO	jenkins.InitReactorRunner$1#onAttained: System config loaded
   0.762 [id=368]	INFO	jenkins.InitReactorRunner$1#onAttained: System config adapted
   0.763 [id=368]	INFO	jenkins.InitReactorRunner$1#onAttained: Loaded all jobs
   0.763 [id=367]	INFO	jenkins.InitReactorRunner$1#onAttained: Configuration for all jobs updated
   0.794 [id=369]	INFO	jenkins.InitReactorRunner$1#onAttained: Completed initialization
   0.858 [id=353]	INFO	hudson.lifecycle.Lifecycle#onStatusUpdate: Stopping Jenkins
   0.872 [id=353]	INFO	hudson.lifecycle.Lifecycle#onStatusUpdate: Jenkins stopped
   0.983 [id=353]	INFO	o.j.h.t.TemporaryDirectoryAllocator#dispose: deleting C:\Users\david\Desktop\david\logstash-plugin\target\tmp\j h15708266605390232627
]]></system-err>
  </testcase>
</testsuite>