<?xml version="1.0" encoding="UTF-8"?>
<testsuite xmlns:xsi="http://www.w3.org/2001/XMLSchema-instance" xsi:noNamespaceSchemaLocation="https://maven.apache.org/surefire/maven-surefire-plugin/xsd/surefire-test-report-3.0.xsd" version="3.0" name="jenkins.plugins.logstash.PipelineTest" time="18.318" tests="5" errors="0" skipped="0" failures="0">
  <properties>
[...]
</properties>
  <testcase name="logstashSend" classname="jenkins.plugins.logstash.PipelineTest" time="9.437">
    <system-out><![CDATA[=== Starting logstashSend(jenkins.plugins.logstash.PipelineTest)
]]></system-out>
    <system-err><![CDATA[   0.111 [id=35]	INFO	o.jvnet.hudson.test.WarExploder#explode: Picking up existing exploded jenkins.war at C:\Users\david\Desktop\logstash-plugin\target\jenkins-for-test
   0.413 [id=35]	INFO	o.jvnet.hudson.test.JenkinsRule#createWebServer: Running on http://localhost:11434/jenkins/
   0.783 [id=49]	INFO	jenkins.InitReactorRunner$1#onAttained: Started initialization
   3.376 [id=48]	INFO	hudson.PluginManager#considerDetachedPlugin: Loading a detached plugin as a dependency: C:\Users\david\AppData\Local\Temp\jenkins2805910478586978106\plugins\command-launcher.jpi
   3.460 [id=48]	INFO	hudson.PluginManager#considerDetachedPlugin: Loading a detached plugin as a dependency: C:\Users\david\AppData\Local\Temp\jenkins2805910478586978106\plugins\jdk-tool.jpi
   3.537 [id=48]	INFO	hudson.PluginManager#considerDetachedPlugin: Loading a detached plugin as a dependency: C:\Users\david\AppData\Local\Temp\jenkins2805910478586978106\plugins\trilead-api.jpi
   3.698 [id=48]	INFO	hudson.PluginManager#considerDetachedPlugin: Loading a detached plugin as a dependency: C:\Users\david\AppData\Local\Temp\jenkins2805910478586978106\plugins\mina-sshd-api-core.jpi
   3.813 [id=48]	INFO	hudson.PluginManager#considerDetachedPlugin: Loading a detached plugin as a dependency: C:\Users\david\AppData\Local\Temp\jenkins2805910478586978106\plugins\javax-mail-api.jpi
   3.865 [id=48]	INFO	hudson.PluginManager#considerDetachedPlugin: Loading a detached plugin as a dependency: C:\Users\david\AppData\Local\Temp\jenkins2805910478586978106\plugins\mina-sshd-api-common.jpi
   3.919 [id=48]	INFO	hudson.PluginManager#considerDetachedPlugin: Loading a detached plugin as a dependency: C:\Users\david\AppData\Local\Temp\jenkins2805910478586978106\plugins\sshd.jpi
   5.329 [id=55]	INFO	jenkins.InitReactorRunner$1#onAttained: Listed all plugins
   5.335 [id=62]	INFO	j.b.api.BouncyCastlePlugin#start: C:\Users\david\Desktop\logstash-plugin\target\tmp\j h10639237833967964859\plugins\bouncycastle-api\WEB-INF\optional-lib not found; for non RealJenkinsRule this is fine and can be ignored.
   5.571 [id=51]	INFO	j.plugins.logstash.PluginImpl#start: Logstash: a logstash agent to send jenkins logs to a logstash indexer.
   6.799 [id=60]	INFO	jenkins.InitReactorRunner$1#onAttained: Prepared all plugins
   6.808 [id=59]	INFO	jenkins.InitReactorRunner$1#onAttained: Started all plugins
   6.812 [id=48]	INFO	jenkins.InitReactorRunner$1#onAttained: Augmented all extensions
   7.401 [id=48]	INFO	jenkins.InitReactorRunner$1#onAttained: System config loaded
   7.476 [id=53]	INFO	jenkins.InitReactorRunner$1#onAttained: System config adapted
   7.477 [id=54]	INFO	jenkins.InitReactorRunner$1#onAttained: Loaded all jobs
   7.478 [id=52]	INFO	jenkins.InitReactorRunner$1#onAttained: Configuration for all jobs updated
   7.668 [id=47]	INFO	jenkins.InitReactorRunner$1#onAttained: Completed initialization
   7.911 [p #1] Started
   8.471 [p #1] [Pipeline] Start of Pipeline
   8.596 [p #1] [Pipeline] echo
   8.596 [p #1] Message
   8.658 [p #1] [Pipeline] logstashSend
   8.730 [p #1] [Pipeline] End of Pipeline
   8.760 [p #1] Finished: SUCCESS
   8.770 [id=35]	INFO	hudson.lifecycle.Lifecycle#onStatusUpdate: Stopping Jenkins
   8.809 [id=35]	INFO	hudson.lifecycle.Lifecycle#onStatusUpdate: Jenkins stopped
   8.853 [id=35]	INFO	o.j.h.t.TemporaryDirectoryAllocator#dispose: deleting C:\Users\david\Desktop\logstash-plugin\target\tmp\j h10639237833967964859
]]></system-err>
  </testcase>
  <testcase name="logstashStageAndAgent" classname="jenkins.plugins.logstash.PipelineTest" time="2.922">
    <system-out><![CDATA[=== Starting logstashStageAndAgent(jenkins.plugins.logstash.PipelineTest)
$ "C:\Program Files\Java\jdk-21/bin/java"  -Djava.awt.headless=true -Xmx512m -XX:+PrintCommandLineFlags -jar "C:\Users\david\Desktop\logstash-plugin\target\jenkins-for-test\WEB-INF\lib\remoting-3107.v665000b_51092.jar"
-XX:ConcGCThreads=2 -XX:G1ConcRefinementThreads=8 -XX:GCDrainStackTargetSize=64 -XX:InitialHeapSize=535830720 -XX:MarkStackSize=4194304 -XX:MaxHeapSize=536870912 -XX:MinHeapSize=6815736 -XX:+PrintCommandLineFlags -XX:ReservedCodeCacheSize=251658240 -XX:+SegmentedCodeCache -XX:+UseCompressedOops -XX:+UseG1GC -XX:-UseLargePagesIndividualAllocation 
<===[JENKINS REMOTING CAPACITY]===>&amp#0;&amp#0;&amp#0;channel started
Remoting version: 3107.v665000b_51092
Launcher: SimpleCommandLauncher
Communication Protocol: Standard in/out
This is a Windows agent
feb 06, 2025 2:54:19 P.�M. org.jenkinsci.remoting.util.AnonymousClassWarnings warn
WARNING: Attempt to (de-)serialize anonymous class org.jenkinsci.plugins.envinject.EnvInjectComputerListener$2; see: https://jenkins.io/redirect/serialization-of-anonymous-classes/
ERROR: Unexpected error in launching an agent. This is probably a bug in Jenkins
java.lang.NoSuchFieldException: modifiers
	at java.base/java.lang.Class.getDeclaredField(Class.java:2782)
	at org.jenkinsci.plugins.envinject.service.EnvInjectMasterEnvVarsSetter.call(EnvInjectMasterEnvVarsSetter.java:35)
Also:   hudson.remoting.Channel$CallSiteStackTrace: Remote call to slave0
		at hudson.remoting.Channel.attachCallSiteStackTrace(Channel.java:1784)
		at hudson.remoting.UserRequest$ExceptionResponse.retrieve(UserRequest.java:356)
		at hudson.remoting.Channel.call(Channel.java:1000)
		at hudson.FilePath.act(FilePath.java:1283)
		at org.jenkinsci.plugins.envinject.EnvInjectComputerListener.onOnline(EnvInjectComputerListener.java:158)
		at hudson.slaves.SlaveComputer.setChannel(SlaveComputer.java:748)
		at hudson.slaves.SlaveComputer.setChannel(SlaveComputer.java:438)
		at org.jvnet.hudson.test.SimpleCommandLauncher.launch(SimpleCommandLauncher.java:82)
		at hudson.slaves.SlaveComputer.lambda$_connect$0(SlaveComputer.java:298)
		at jenkins.util.ContextResettingExecutorService$2.call(ContextResettingExecutorService.java:46)
		at jenkins.security.ImpersonatingExecutorService$2.call(ImpersonatingExecutorService.java:80)
Caused: org.jenkinsci.lib.envinject.EnvInjectException
	at org.jenkinsci.plugins.envinject.service.EnvInjectMasterEnvVarsSetter.call(EnvInjectMasterEnvVarsSetter.java:42)
	at org.jenkinsci.plugins.envinject.service.EnvInjectMasterEnvVarsSetter.call(EnvInjectMasterEnvVarsSetter.java:16)
	at hudson.remoting.UserRequest.perform(UserRequest.java:211)
	at hudson.remoting.UserRequest.perform(UserRequest.java:54)
	at hudson.remoting.Request$2.run(Request.java:377)
	at hudson.remoting.InterceptingExecutorService.lambda$wrap$0(InterceptingExecutorService.java:78)
Caused: java.io.IOException
	at org.jenkinsci.plugins.envinject.EnvInjectComputerListener.onOnline(EnvInjectComputerListener.java:160)
	at hudson.slaves.SlaveComputer.setChannel(SlaveComputer.java:748)
	at hudson.slaves.SlaveComputer.setChannel(SlaveComputer.java:438)
	at org.jvnet.hudson.test.SimpleCommandLauncher.launch(SimpleCommandLauncher.java:82)
	at hudson.slaves.SlaveComputer.lambda$_connect$0(SlaveComputer.java:298)
	at jenkins.util.ContextResettingExecutorService$2.call(ContextResettingExecutorService.java:46)
	at jenkins.security.ImpersonatingExecutorService$2.call(ImpersonatingExecutorService.java:80)
	at java.base/java.util.concurrent.FutureTask.run(FutureTask.java:317)
	at java.base/java.util.concurrent.ThreadPoolExecutor.runWorker(ThreadPoolExecutor.java:1144)
	at java.base/java.util.concurrent.ThreadPoolExecutor$Worker.run(ThreadPoolExecutor.java:642)
	at java.base/java.lang.Thread.run(Thread.java:1583)
Agent successfully connected and online
]]></system-out>
    <system-err><![CDATA[   0.022 [id=98]	INFO	o.jvnet.hudson.test.JenkinsRule#createWebServer: Running on http://localhost:11438/jenkins/
   0.116 [id=111]	INFO	jenkins.InitReactorRunner$1#onAttained: Started initialization
   0.117 [id=122]	INFO	jenkins.InitReactorRunner$1#onAttained: Listed all plugins
   0.119 [id=117]	INFO	j.b.api.BouncyCastlePlugin#start: C:\Users\david\Desktop\logstash-plugin\target\tmp\j h6704898703249401655\plugins\bouncycastle-api\WEB-INF\optional-lib not found; for non RealJenkinsRule this is fine and can be ignored.
   0.132 [id=118]	INFO	j.plugins.logstash.PluginImpl#start: Logstash: a logstash agent to send jenkins logs to a logstash indexer.
   0.264 [id=114]	INFO	jenkins.InitReactorRunner$1#onAttained: Prepared all plugins
   0.266 [id=116]	INFO	jenkins.InitReactorRunner$1#onAttained: Started all plugins
   0.267 [id=125]	INFO	jenkins.InitReactorRunner$1#onAttained: Augmented all extensions
   1.051 [id=125]	INFO	jenkins.InitReactorRunner$1#onAttained: System config loaded
   1.068 [id=121]	INFO	jenkins.InitReactorRunner$1#onAttained: System config adapted
   1.068 [id=117]	INFO	jenkins.InitReactorRunner$1#onAttained: Loaded all jobs
   1.069 [id=125]	INFO	jenkins.InitReactorRunner$1#onAttained: Configuration for all jobs updated
   1.097 [id=110]	INFO	jenkins.InitReactorRunner$1#onAttained: Completed initialization
   1.152 [id=98]	INFO	o.jvnet.hudson.test.JenkinsRule#waitOnline: Launching slave0…
   1.998 [id=150]	WARNING	o.j.r.u.AnonymousClassWarnings#warn: Attempt to (de-)serialize anonymous class org.jenkinsci.plugins.envinject.EnvInjectComputerListener$2 in file:/C:/Users/david/.m2/repository/org/jenkins-ci/plugins/envinject/2.1.5/envinject-2.1.5.jar; see: https://jenkins.io/redirect/serialization-of-anonymous-classes/
   2.215 [id=91]	INFO	o.j.h.test.SimpleCommandLauncher#launch: agent launched for slave0
   2.216 [id=98]	INFO	o.jvnet.hudson.test.JenkinsRule#waitOnline: …finished launching slave0.
   2.260 [p #1] Started
   2.312 [p #1] [Pipeline] Start of Pipeline
   2.365 [p #1] [Pipeline] stage
   2.365 [p #1] [Pipeline] { (stage1)
   2.467 [p #1] [Pipeline] node
   2.520 [p #1] Running on slave0 in C:\Users\david\Desktop\logstash-plugin\target\tmp\j h6704898703249401655\agent-work-dirs\slave0\workspace\p
   2.563 [id=77]	INFO	j.p.l.pipeline.GlobalDecorator#<init>: Creating decorator for p #1
   2.572 [p #1] [Pipeline] {
   2.572 [p #1] [Pipeline] logstash
   2.572 [p #1] [Pipeline] {
   2.624 [p #1] [Pipeline] echo
   2.624 [p #1] Message
   2.624 [p #1] [Pipeline] }
   2.676 [p #1] [Pipeline] // logstash
   2.676 [p #1] [Pipeline] }
   2.729 [p #1] [Pipeline] // node
   2.729 [p #1] [Pipeline] }
   2.782 [p #1] [Pipeline] // stage
   2.782 [p #1] [Pipeline] End of Pipeline
   2.799 [p #1] Finished: SUCCESS
   2.802 [id=77]	INFO	hudson.remoting.Request$2#run: Failed to send back a reply to the request UserRequest:UserRPCRequest:hudson.remoting.JarLoader.notifyJarPresence[long,long](3): hudson.remoting.ChannelClosedException: Channel "hudson.remoting.Channel@4bc69af5:slave0": channel is already closed
   2.813 [id=98]	INFO	hudson.lifecycle.Lifecycle#onStatusUpdate: Stopping Jenkins
   2.829 [id=98]	INFO	hudson.lifecycle.Lifecycle#onStatusUpdate: Jenkins stopped
   2.881 [id=98]	INFO	o.j.h.t.TemporaryDirectoryAllocator#dispose: deleting C:\Users\david\Desktop\logstash-plugin\target\tmp\j h6704898703249401655
]]></system-err>
  </testcase>
  <testcase name="logstashSendNotifier" classname="jenkins.plugins.logstash.PipelineTest" time="3.37">
    <system-out><![CDATA[=== Starting logstashSendNotifier(jenkins.plugins.logstash.PipelineTest)
]]></system-out>
    <system-err><![CDATA[   0.021 [id=163]	INFO	o.jvnet.hudson.test.JenkinsRule#createWebServer: Running on http://localhost:11441/jenkins/
   0.113 [id=176]	INFO	jenkins.InitReactorRunner$1#onAttained: Started initialization
   0.116 [id=187]	INFO	jenkins.InitReactorRunner$1#onAttained: Listed all plugins
   0.119 [id=180]	INFO	j.b.api.BouncyCastlePlugin#start: C:\Users\david\Desktop\logstash-plugin\target\tmp\j h3784413273281193163\plugins\bouncycastle-api\WEB-INF\optional-lib not found; for non RealJenkinsRule this is fine and can be ignored.
   0.138 [id=185]	INFO	j.plugins.logstash.PluginImpl#start: Logstash: a logstash agent to send jenkins logs to a logstash indexer.
   0.304 [id=178]	INFO	jenkins.InitReactorRunner$1#onAttained: Prepared all plugins
   0.306 [id=186]	INFO	jenkins.InitReactorRunner$1#onAttained: Started all plugins
   0.307 [id=179]	INFO	jenkins.InitReactorRunner$1#onAttained: Augmented all extensions
   2.855 [id=180]	INFO	jenkins.InitReactorRunner$1#onAttained: System config loaded
   2.867 [id=180]	INFO	jenkins.InitReactorRunner$1#onAttained: System config adapted
   2.868 [id=187]	INFO	jenkins.InitReactorRunner$1#onAttained: Loaded all jobs
   2.869 [id=187]	INFO	jenkins.InitReactorRunner$1#onAttained: Configuration for all jobs updated
   2.915 [id=183]	INFO	jenkins.InitReactorRunner$1#onAttained: Completed initialization
   3.005 [p #1] Started
   3.065 [p #1] [Pipeline] Start of Pipeline
   3.126 [p #1] [Pipeline] node
   3.127 [p #1] Running on Jenkins in C:\Users\david\Desktop\logstash-plugin\target\tmp\j h3784413273281193163\workspace\p
   3.127 [p #1] [Pipeline] {
   3.186 [p #1] [Pipeline] echo
   3.186 [p #1] Message
   3.186 [p #1] [Pipeline] step
   3.248 [p #1] [Pipeline] }
   3.249 [p #1] [Pipeline] // node
   3.249 [p #1] [Pipeline] End of Pipeline
   3.279 [p #1] Finished: SUCCESS
   3.288 [id=163]	INFO	hudson.lifecycle.Lifecycle#onStatusUpdate: Stopping Jenkins
   3.304 [id=163]	INFO	hudson.lifecycle.Lifecycle#onStatusUpdate: Jenkins stopped
   3.343 [id=163]	INFO	o.j.h.t.TemporaryDirectoryAllocator#dispose: deleting C:\Users\david\Desktop\logstash-plugin\target\tmp\j h3784413273281193163
]]></system-err>
  </testcase>
  <testcase name="globalLogstash" classname="jenkins.plugins.logstash.PipelineTest" time="1.126">
    <system-out><![CDATA[=== Starting globalLogstash(jenkins.plugins.logstash.PipelineTest)
]]></system-out>
    <system-err><![CDATA[   0.017 [id=214]	INFO	o.jvnet.hudson.test.JenkinsRule#createWebServer: Running on http://localhost:11444/jenkins/
   0.106 [id=227]	INFO	jenkins.InitReactorRunner$1#onAttained: Started initialization
   0.107 [id=228]	INFO	jenkins.InitReactorRunner$1#onAttained: Listed all plugins
   0.108 [id=226]	INFO	j.b.api.BouncyCastlePlugin#start: C:\Users\david\Desktop\logstash-plugin\target\tmp\j h17206304555606790606\plugins\bouncycastle-api\WEB-INF\optional-lib not found; for non RealJenkinsRule this is fine and can be ignored.
   0.119 [id=231]	INFO	j.plugins.logstash.PluginImpl#start: Logstash: a logstash agent to send jenkins logs to a logstash indexer.
   0.290 [id=235]	INFO	jenkins.InitReactorRunner$1#onAttained: Prepared all plugins
   0.292 [id=226]	INFO	jenkins.InitReactorRunner$1#onAttained: Started all plugins
   0.293 [id=238]	INFO	jenkins.InitReactorRunner$1#onAttained: Augmented all extensions
   0.813 [id=232]	INFO	jenkins.InitReactorRunner$1#onAttained: System config loaded
   0.823 [id=232]	INFO	jenkins.InitReactorRunner$1#onAttained: System config adapted
   0.823 [id=230]	INFO	jenkins.InitReactorRunner$1#onAttained: Loaded all jobs
   0.823 [id=230]	INFO	jenkins.InitReactorRunner$1#onAttained: Configuration for all jobs updated
   0.857 [id=239]	INFO	jenkins.InitReactorRunner$1#onAttained: Completed initialization
   0.914 [id=257]	INFO	j.p.l.pipeline.GlobalDecorator#<init>: Creating decorator for p #1
   0.964 [p #1] Started
   0.964 [p #1] [Pipeline] Start of Pipeline
   0.998 [id=91]	INFO	j.p.l.pipeline.GlobalDecorator#<init>: Creating decorator for p #1
   1.026 [p #1] [Pipeline] echo
   1.026 [p #1] Message
   1.026 [p #1] [Pipeline] End of Pipeline
   1.045 [p #1] Finished: SUCCESS
   1.049 [id=214]	INFO	hudson.lifecycle.Lifecycle#onStatusUpdate: Stopping Jenkins
   1.063 [id=214]	INFO	hudson.lifecycle.Lifecycle#onStatusUpdate: Jenkins stopped
   1.103 [id=214]	INFO	o.j.h.t.TemporaryDirectoryAllocator#dispose: deleting C:\Users\david\Desktop\logstash-plugin\target\tmp\j h17206304555606790606
]]></system-err>
  </testcase>
  <testcase name="logstash" classname="jenkins.plugins.logstash.PipelineTest" time="1.448">
    <system-out><![CDATA[=== Starting logstash(jenkins.plugins.logstash.PipelineTest)
]]></system-out>
    <system-err><![CDATA[   0.015 [id=262]	INFO	o.jvnet.hudson.test.JenkinsRule#createWebServer: Running on http://localhost:11447/jenkins/
   0.143 [id=275]	INFO	jenkins.InitReactorRunner$1#onAttained: Started initialization
   0.144 [id=279]	INFO	jenkins.InitReactorRunner$1#onAttained: Listed all plugins
   0.146 [id=274]	INFO	j.b.api.BouncyCastlePlugin#start: C:\Users\david\Desktop\logstash-plugin\target\tmp\j h6773019019991197156\plugins\bouncycastle-api\WEB-INF\optional-lib not found; for non RealJenkinsRule this is fine and can be ignored.
   0.165 [id=280]	INFO	j.plugins.logstash.PluginImpl#start: Logstash: a logstash agent to send jenkins logs to a logstash indexer.
   0.363 [id=274]	INFO	jenkins.InitReactorRunner$1#onAttained: Prepared all plugins
   0.365 [id=282]	INFO	jenkins.InitReactorRunner$1#onAttained: Started all plugins
   0.367 [id=289]	INFO	jenkins.InitReactorRunner$1#onAttained: Augmented all extensions
   1.058 [id=276]	INFO	jenkins.InitReactorRunner$1#onAttained: System config loaded
   1.070 [id=276]	INFO	jenkins.InitReactorRunner$1#onAttained: System config adapted
   1.070 [id=288]	INFO	jenkins.InitReactorRunner$1#onAttained: Loaded all jobs
   1.071 [id=289]	INFO	jenkins.InitReactorRunner$1#onAttained: Configuration for all jobs updated
   1.102 [id=280]	INFO	jenkins.InitReactorRunner$1#onAttained: Completed initialization
   1.207 [p #1] Started
   1.207 [p #1] [Pipeline] Start of Pipeline
   1.225 [id=91]	INFO	j.p.l.pipeline.GlobalDecorator#<init>: Creating decorator for p #1
   1.268 [p #1] [Pipeline] logstash
   1.268 [p #1] [Pipeline] {
   1.268 [p #1] [Pipeline] echo
   1.328 [p #1] Message
   1.328 [p #1] [Pipeline] }
   1.328 [p #1] [Pipeline] // logstash
   1.328 [p #1] [Pipeline] End of Pipeline
   1.349 [p #1] Finished: SUCCESS
   1.352 [id=262]	INFO	hudson.lifecycle.Lifecycle#onStatusUpdate: Stopping Jenkins
   1.371 [id=262]	INFO	hudson.lifecycle.Lifecycle#onStatusUpdate: Jenkins stopped
   1.419 [id=262]	INFO	o.j.h.t.TemporaryDirectoryAllocator#dispose: deleting C:\Users\david\Desktop\logstash-plugin\target\tmp\j h6773019019991197156
]]></system-err>
  </testcase>
</testsuite>